<?xml version="1.0" encoding="UTF-8"?>
<!-- Generated by org.testng.reporters.JUnitReportReporter -->
<testsuite skipped="0" hostname="HYDMBCP0572" name="ParameterizedBooksTest" tests="12" failures="0" timestamp="2022-10-25T21:57:08 IST" time="3.501" errors="0">
  <testcase name="addBook" time="0.299" classname="ParameterizedBooksTest"/>
  <system-out/>
  <testcase name="addBook" time="0.298" classname="ParameterizedBooksTest"/>
  <system-out/>
  <testcase name="addBook" time="0.321" classname="ParameterizedBooksTest"/>
  <system-out/>
  <testcase name="addBook" time="0.314" classname="ParameterizedBooksTest"/>
  <system-out/>
  <testcase name="getBookDetails" time="0.313" classname="ParameterizedBooksTest"/>
  <system-out/>
  <testcase name="getBookDetails" time="0.291" classname="ParameterizedBooksTest"/>
  <system-out/>
  <testcase name="getBookDetails" time="0.278" classname="ParameterizedBooksTest"/>
  <system-out/>
  <testcase name="getBookDetails" time="0.291" classname="ParameterizedBooksTest"/>
  <system-out/>
  <testcase name="deleteBookByID" time="0.273" classname="ParameterizedBooksTest"/>
  <system-out/>
  <testcase name="deleteBookByID" time="0.247" classname="ParameterizedBooksTest"/>
  <system-out/>
  <testcase name="deleteBookByID" time="0.303" classname="ParameterizedBooksTest"/>
  <system-out/>
  <testcase name="deleteBookByID" time="0.273" classname="ParameterizedBooksTest"/>
  <system-out/>
</testsuite> <!-- ParameterizedBooksTest -->
