<?xml version="1.0" encoding="UTF-8"?>
<!-- Generated by org.testng.reporters.JUnitReportReporter -->
<testsuite skipped="0" hostname="HYDMBCP0572" name="JsonSchemaValidationTest" tests="1" failures="0" timestamp="2022-10-25T21:57:08 IST" time="2.311" errors="0">
  <testcase name="createJiraTask" time="2.311" classname="JsonSchemaValidationTest"/>
  <system-out/>
</testsuite> <!-- JsonSchemaValidationTest -->
