<?xml version="1.0" encoding="UTF-8"?>
<!-- Generated by org.testng.reporters.JUnitReportReporter -->
<testsuite skipped="0" hostname="HYDMBCP0572" name="GoogleMapsApiTest" tests="4" failures="0" timestamp="2022-10-25T21:57:08 IST" time="6.869" errors="0">
  <testcase name="postPlace" time="2.979" classname="GoogleMapsApiTest"/>
  <system-out/>
  <testcase name="getCreatedPlace" time="0.571" classname="GoogleMapsApiTest"/>
  <system-out/>
  <testcase name="updatePlace" time="1.242" classname="GoogleMapsApiTest"/>
  <system-out/>
  <testcase name="deletePlace" time="2.077" classname="GoogleMapsApiTest"/>
  <system-out/>
</testsuite> <!-- GoogleMapsApiTest -->
