<?xml version="1.0" encoding="UTF-8"?>
<!-- Generated by org.testng.reporters.JUnitReportReporter -->
<testsuite skipped="0" hostname="HYDMBCP0572" name="JsonValidationsTest" tests="1" failures="0" timestamp="2022-10-25T21:57:08 IST" time="0.130" errors="0">
  <testcase name="readJsonArrays" time="0.130" classname="JsonValidationsTest"/>
  <system-out/>
</testsuite> <!-- JsonValidationsTest -->
